2024-02-12 12:19:19,423 INFO  [Log] **************************************************************************************** 
2024-02-12 12:19:19,423 INFO  [Log] **************************************************************************************** 
2024-02-12 12:19:19,423 INFO  [Log] $$$$$$$$$$$$$$$$$$$$$                 My login test case       $$$$$$$$$$$$$$$$$$$$$$$$$ 
2024-02-12 12:19:19,423 INFO  [Log] **************************************************************************************** 
2024-02-12 12:19:19,423 INFO  [Log] **************************************************************************************** 
2024-02-12 12:19:19,423 INFO  [Log] My test case is executing 
2024-02-12 12:19:19,423 INFO  [Log] I am testing log4j functionality 
2024-02-12 12:19:19,608 INFO  [Log] XXXXXXXXXXXXXXXXXXXXXXX             -E---N---D-             XXXXXXXXXXXXXXXXXXXXXX 
2024-02-12 12:19:19,608 INFO  [Log] X 
2024-02-12 12:19:19,608 INFO  [Log] X 
2024-02-12 12:19:19,608 INFO  [Log] X 
2024-02-12 12:19:19,608 INFO  [Log] X 
2024-02-13 14:26:18,182 INFO  [Log] **************************************************************************************** 
2024-02-13 14:26:18,182 INFO  [Log] **************************************************************************************** 
2024-02-13 14:26:18,182 INFO  [Log] $$$$$$$$$$$$$$$$$$$$$                 My login test case       $$$$$$$$$$$$$$$$$$$$$$$$$ 
2024-02-13 14:26:18,183 INFO  [Log] **************************************************************************************** 
2024-02-13 14:26:18,183 INFO  [Log] **************************************************************************************** 
2024-02-13 14:26:18,183 INFO  [Log] My test case is executing 
2024-02-13 14:26:18,183 INFO  [Log] I am testing log4j functionality 
2024-02-13 14:26:18,363 INFO  [Log] XXXXXXXXXXXXXXXXXXXXXXX             -E---N---D-             XXXXXXXXXXXXXXXXXXXXXX 
2024-02-13 14:26:18,363 INFO  [Log] X 
2024-02-13 14:26:18,363 INFO  [Log] X 
2024-02-13 14:26:18,363 INFO  [Log] X 
2024-02-13 14:26:18,363 INFO  [Log] X 
2024-02-13 14:51:15,501 INFO  [Log] **************************************************************************************** 
2024-02-13 14:51:15,501 INFO  [Log] **************************************************************************************** 
2024-02-13 14:51:15,501 INFO  [Log] $$$$$$$$$$$$$$$$$$$$$                 My login test case       $$$$$$$$$$$$$$$$$$$$$$$$$ 
2024-02-13 14:51:15,501 INFO  [Log] **************************************************************************************** 
2024-02-13 14:51:15,501 INFO  [Log] **************************************************************************************** 
2024-02-13 14:51:15,501 INFO  [Log] My test case is executing 
2024-02-13 14:51:15,501 INFO  [Log] I am testing log4j functionality 
2024-02-13 14:51:15,686 INFO  [Log] XXXXXXXXXXXXXXXXXXXXXXX             -E---N---D-             XXXXXXXXXXXXXXXXXXXXXX 
2024-02-13 14:51:15,686 INFO  [Log] X 
2024-02-13 14:51:15,686 INFO  [Log] X 
2024-02-13 14:51:15,686 INFO  [Log] X 
2024-02-13 14:51:15,686 INFO  [Log] X 
2024-02-13 16:19:52,661 INFO  [Log] **************************************************************************************** 
2024-02-13 16:19:52,662 INFO  [Log] **************************************************************************************** 
2024-02-13 16:19:52,662 INFO  [Log] $$$$$$$$$$$$$$$$$$$$$                 My login test case       $$$$$$$$$$$$$$$$$$$$$$$$$ 
2024-02-13 16:19:52,662 INFO  [Log] **************************************************************************************** 
2024-02-13 16:19:52,662 INFO  [Log] **************************************************************************************** 
2024-02-13 16:19:52,662 INFO  [Log] My test case is executing 
2024-02-13 16:19:52,662 INFO  [Log] I am testing log4j functionality 
2024-02-13 16:19:52,840 INFO  [Log] XXXXXXXXXXXXXXXXXXXXXXX             -E---N---D-             XXXXXXXXXXXXXXXXXXXXXX 
2024-02-13 16:19:52,840 INFO  [Log] X 
2024-02-13 16:19:52,840 INFO  [Log] X 
2024-02-13 16:19:52,840 INFO  [Log] X 
2024-02-13 16:19:52,840 INFO  [Log] X 
2024-02-13 16:26:24,548 INFO  [Log] **************************************************************************************** 
2024-02-13 16:26:24,548 INFO  [Log] **************************************************************************************** 
2024-02-13 16:26:24,548 INFO  [Log] $$$$$$$$$$$$$$$$$$$$$                 My login test case       $$$$$$$$$$$$$$$$$$$$$$$$$ 
2024-02-13 16:26:24,548 INFO  [Log] **************************************************************************************** 
2024-02-13 16:26:24,548 INFO  [Log] **************************************************************************************** 
2024-02-13 16:26:24,548 INFO  [Log] My test case is executing 
2024-02-13 16:26:24,548 INFO  [Log] I am testing log4j functionality 
2024-02-13 16:26:24,731 INFO  [Log] XXXXXXXXXXXXXXXXXXXXXXX             -E---N---D-             XXXXXXXXXXXXXXXXXXXXXX 
2024-02-13 16:26:24,731 INFO  [Log] X 
2024-02-13 16:26:24,731 INFO  [Log] X 
2024-02-13 16:26:24,731 INFO  [Log] X 
2024-02-13 16:26:24,731 INFO  [Log] X 
2024-03-13 17:44:08,109 INFO  [Log] **************************************************************************************** 
2024-03-13 17:44:08,110 INFO  [Log] **************************************************************************************** 
2024-03-13 17:44:08,110 INFO  [Log] $$$$$$$$$$$$$$$$$$$$$                 My login test case       $$$$$$$$$$$$$$$$$$$$$$$$$ 
2024-03-13 17:44:08,110 INFO  [Log] **************************************************************************************** 
2024-03-13 17:44:08,110 INFO  [Log] **************************************************************************************** 
2024-03-13 17:44:08,110 INFO  [Log] My test case is executing 
2024-03-13 17:44:08,110 INFO  [Log] I am testing log4j functionality 
2024-03-13 17:44:08,279 INFO  [Log] XXXXXXXXXXXXXXXXXXXXXXX             -E---N---D-             XXXXXXXXXXXXXXXXXXXXXX 
2024-03-13 17:44:08,279 INFO  [Log] X 
2024-03-13 17:44:08,279 INFO  [Log] X 
2024-03-13 17:44:08,279 INFO  [Log] X 
2024-03-13 17:44:08,279 INFO  [Log] X 
2024-03-13 19:20:48,169 INFO  [Log] **************************************************************************************** 
2024-03-13 19:20:48,169 INFO  [Log] **************************************************************************************** 
2024-03-13 19:20:48,169 INFO  [Log] $$$$$$$$$$$$$$$$$$$$$                 My login test case       $$$$$$$$$$$$$$$$$$$$$$$$$ 
2024-03-13 19:20:48,169 INFO  [Log] **************************************************************************************** 
2024-03-13 19:20:48,169 INFO  [Log] **************************************************************************************** 
2024-03-13 19:20:48,169 INFO  [Log] My test case is executing 
2024-03-13 19:20:48,169 INFO  [Log] I am testing log4j functionality 
2024-03-13 19:20:48,340 INFO  [Log] XXXXXXXXXXXXXXXXXXXXXXX             -E---N---D-             XXXXXXXXXXXXXXXXXXXXXX 
2024-03-13 19:20:48,340 INFO  [Log] X 
2024-03-13 19:20:48,340 INFO  [Log] X 
2024-03-13 19:20:48,340 INFO  [Log] X 
2024-03-13 19:20:48,340 INFO  [Log] X 
2024-03-14 13:29:54,794 INFO  [Log] **************************************************************************************** 
2024-03-14 13:29:54,794 INFO  [Log] **************************************************************************************** 
2024-03-14 13:29:54,794 INFO  [Log] $$$$$$$$$$$$$$$$$$$$$                 My login test case       $$$$$$$$$$$$$$$$$$$$$$$$$ 
2024-03-14 13:29:54,794 INFO  [Log] **************************************************************************************** 
2024-03-14 13:29:54,794 INFO  [Log] **************************************************************************************** 
2024-03-14 13:29:54,794 INFO  [Log] My test case is executing 
2024-03-14 13:29:54,794 INFO  [Log] I am testing log4j functionality 
2024-03-14 13:29:54,965 INFO  [Log] XXXXXXXXXXXXXXXXXXXXXXX             -E---N---D-             XXXXXXXXXXXXXXXXXXXXXX 
2024-03-14 13:29:54,965 INFO  [Log] X 
2024-03-14 13:29:54,965 INFO  [Log] X 
2024-03-14 13:29:54,965 INFO  [Log] X 
2024-03-14 13:29:54,965 INFO  [Log] X 
2024-03-14 13:38:49,455 INFO  [Log] **************************************************************************************** 
2024-03-14 13:38:49,456 INFO  [Log] **************************************************************************************** 
2024-03-14 13:38:49,456 INFO  [Log] $$$$$$$$$$$$$$$$$$$$$                 My login test case       $$$$$$$$$$$$$$$$$$$$$$$$$ 
2024-03-14 13:38:49,456 INFO  [Log] **************************************************************************************** 
2024-03-14 13:38:49,456 INFO  [Log] **************************************************************************************** 
2024-03-14 13:38:49,456 INFO  [Log] My test case is executing 
2024-03-14 13:38:49,456 INFO  [Log] I am testing log4j functionality 
2024-03-14 13:38:49,644 INFO  [Log] XXXXXXXXXXXXXXXXXXXXXXX             -E---N---D-             XXXXXXXXXXXXXXXXXXXXXX 
2024-03-14 13:38:49,644 INFO  [Log] X 
2024-03-14 13:38:49,644 INFO  [Log] X 
2024-03-14 13:38:49,644 INFO  [Log] X 
2024-03-14 13:38:49,644 INFO  [Log] X 
